mode: set
kic/boa/cfmt/cfmt.go:23.31,27.2 3 1
kic/boa/cfmt/cfmt.go:30.39,35.2 4 1
kic/boa/cfmt/cfmt.go:37.13,39.31 1 1
kic/boa/cfmt/cfmt.go:39.31,49.3 9 1
kic/boa/cfmt/cfmt.go:53.52,56.16 2 0
kic/boa/cfmt/cfmt.go:60.2,62.47 2 0
kic/boa/cfmt/cfmt.go:66.2,66.12 1 0
kic/boa/cfmt/cfmt.go:56.16,58.3 1 0
kic/boa/cfmt/cfmt.go:62.47,64.3 1 0
kic/boa/cfmt/cfmt.go:69.31,72.15 2 0
kic/boa/cfmt/cfmt.go:77.2,77.12 1 0
kic/boa/cfmt/cfmt.go:72.15,75.3 2 0
kic/cmd/root.go:30.13,35.19 2 1
kic/cmd/root.go:63.2,63.101 1 1
kic/cmd/root.go:36.13,37.35 1 0
kic/cmd/root.go:41.3,41.38 1 0
kic/cmd/root.go:42.17,44.27 1 0
kic/cmd/root.go:45.14,46.35 1 0
kic/cmd/root.go:50.3,50.39 1 0
kic/cmd/root.go:51.13,52.35 1 1
kic/cmd/root.go:56.3,56.40 1 1
kic/cmd/root.go:57.10,59.13 2 0
kic/cmd/root.go:37.35,39.4 1 0
kic/cmd/root.go:46.35,48.4 1 0
kic/cmd/root.go:52.35,54.4 1 1
kic/cmd/root.go:67.16,68.42 1 0
kic/cmd/root.go:68.42,70.3 1 0
kic/main.go:10.13,12.2 1 1
kic/cmd/fleet/delete.go:26.63,30.38 2 0
kic/cmd/fleet/delete.go:36.2,38.12 2 0
kic/cmd/fleet/delete.go:30.38,33.3 2 0
kic/cmd/fleet/delete.go:42.118,44.42 1 0
kic/cmd/fleet/delete.go:49.2,49.20 1 0
kic/cmd/fleet/delete.go:54.2,54.49 1 0
kic/cmd/fleet/delete.go:44.42,46.3 1 0
kic/cmd/fleet/delete.go:49.20,51.3 1 0
kic/cmd/fleet/delete.go:54.49,56.3 1 0
kic/cmd/fleet/delete.go:56.8,58.3 1 0
kic/cmd/fleet/dns.go:19.13,24.2 4 1
kic/cmd/fleet/dns.go:26.31,88.2 1 1
kic/cmd/fleet/dns.go:90.34,142.2 1 1
kic/cmd/fleet/dns.go:144.32,168.2 1 1
kic/cmd/fleet/dns.go:170.32,212.2 1 1
kic/cmd/fleet/new-app.go:25.13,29.2 3 1
kic/cmd/fleet/new-app.go:31.37,78.2 1 1
kic/cmd/fleet/new-app.go:80.38,82.2 1 1
kic/cmd/fleet/az.go:19.13,24.2 4 1
kic/cmd/fleet/az.go:26.33,28.2 1 1
kic/cmd/fleet/az.go:30.32,32.2 1 1
kic/cmd/fleet/az.go:34.33,37.2 1 1
kic/cmd/fleet/az.go:39.30,72.2 1 1
kic/cmd/fleet/check.go:19.13,29.2 7 1
kic/cmd/fleet/check.go:32.120,35.16 2 0
kic/cmd/fleet/check.go:40.2,40.20 1 0
kic/cmd/fleet/check.go:45.2,45.49 1 0
kic/cmd/fleet/check.go:35.16,37.3 1 0
kic/cmd/fleet/check.go:40.20,42.3 1 0
kic/cmd/fleet/fleet.go:25.57,43.56 15 1
kic/cmd/fleet/fleet.go:48.2,48.61 1 1
kic/cmd/fleet/fleet.go:54.2,54.15 1 1
kic/cmd/fleet/fleet.go:43.56,45.3 1 1
kic/cmd/fleet/fleet.go:48.61,49.57 1 1
kic/cmd/fleet/fleet.go:49.57,51.4 1 1
kic/cmd/fleet/list.go:23.13,25.2 1 1
kic/cmd/fleet/list.go:28.60,34.16 4 1
kic/cmd/fleet/list.go:38.2,38.31 1 1
kic/cmd/fleet/list.go:52.2,52.12 1 1
kic/cmd/fleet/list.go:34.16,36.3 1 0
kic/cmd/fleet/list.go:38.31,41.20 2 0
kic/cmd/fleet/list.go:41.20,43.25 2 0
kic/cmd/fleet/list.go:46.4,46.24 1 0
kic/cmd/fleet/list.go:43.25,45.5 1 0
kic/cmd/fleet/list.go:47.9,49.4 1 0
kic/cmd/fleet/ssh.go:29.59,33.16 2 0
kic/cmd/fleet/ssh.go:37.2,40.22 2 0
kic/cmd/fleet/ssh.go:49.2,49.14 1 0
kic/cmd/fleet/ssh.go:55.2,55.12 1 0
kic/cmd/fleet/ssh.go:33.16,35.3 1 0
kic/cmd/fleet/ssh.go:40.22,44.20 3 0
kic/cmd/fleet/ssh.go:44.20,46.4 1 0
kic/cmd/fleet/ssh.go:49.14,51.3 1 0
kic/cmd/fleet/ssh.go:51.8,53.3 1 0
kic/cmd/fleet/ssh.go:59.115,62.16 2 0
kic/cmd/fleet/ssh.go:67.2,67.20 1 0
kic/cmd/fleet/ssh.go:72.2,72.52 1 0
kic/cmd/fleet/ssh.go:62.16,64.3 1 0
kic/cmd/fleet/ssh.go:67.20,69.3 1 0
kic/cmd/fleet/create.go:54.13,82.147 25 1
kic/cmd/fleet/create.go:86.2,86.144 1 1
kic/cmd/fleet/create.go:82.147,84.3 1 0
kic/cmd/fleet/create.go:86.144,88.3 1 0
kic/cmd/fleet/create.go:92.36,110.2 1 0
kic/cmd/fleet/create.go:113.65,116.24 2 1
kic/cmd/fleet/create.go:122.2,131.17 4 1
kic/cmd/fleet/create.go:140.2,140.14 1 1
kic/cmd/fleet/create.go:145.2,145.12 1 1
kic/cmd/fleet/create.go:116.24,119.3 2 0
kic/cmd/fleet/create.go:131.17,132.25 1 1
kic/cmd/fleet/create.go:132.25,134.4 1 1
kic/cmd/fleet/create.go:134.9,137.4 2 0
kic/cmd/fleet/create.go:140.14,143.3 2 0
kic/cmd/fleet/create.go:149.25,152.15 2 0
kic/cmd/fleet/create.go:179.2,179.17 1 0
kic/cmd/fleet/create.go:152.15,153.16 1 0
kic/cmd/fleet/create.go:158.3,158.16 1 0
kic/cmd/fleet/create.go:163.3,163.19 1 0
kic/cmd/fleet/create.go:168.3,168.34 1 0
kic/cmd/fleet/create.go:173.3,173.30 1 0
kic/cmd/fleet/create.go:153.16,156.4 2 0
kic/cmd/fleet/create.go:158.16,161.4 2 0
kic/cmd/fleet/create.go:163.19,166.4 2 0
kic/cmd/fleet/create.go:168.34,171.4 2 0
kic/cmd/fleet/create.go:173.30,177.4 3 0
kic/cmd/fleet/create.go:183.27,187.9 3 0
kic/cmd/fleet/create.go:192.2,192.11 1 0
kic/cmd/fleet/create.go:187.9,190.3 2 0
kic/cmd/fleet/create.go:196.35,197.35 1 0
kic/cmd/fleet/create.go:214.2,214.13 1 0
kic/cmd/fleet/create.go:197.35,204.30 4 0
kic/cmd/fleet/create.go:204.30,207.49 2 0
kic/cmd/fleet/create.go:207.49,210.5 2 0
kic/cmd/fleet/create.go:218.33,221.2 2 0
kic/cmd/fleet/create.go:224.41,227.29 2 0
kic/cmd/fleet/create.go:231.2,231.12 1 0
kic/cmd/fleet/create.go:227.29,229.3 1 0
kic/cmd/fleet/create.go:235.52,238.29 2 0
kic/cmd/fleet/create.go:242.2,242.12 1 0
kic/cmd/fleet/create.go:238.29,240.3 1 0
kic/cmd/fleet/create.go:246.26,250.26 2 0
kic/cmd/fleet/create.go:267.2,267.21 1 0
kic/cmd/fleet/create.go:250.26,253.17 2 0
kic/cmd/fleet/create.go:259.3,262.19 2 0
kic/cmd/fleet/create.go:253.17,257.4 3 0
kic/cmd/fleet/create.go:262.19,264.4 1 0
kic/cmd/fleet/create.go:271.60,273.35 1 1
kic/cmd/fleet/create.go:277.2,277.19 1 1
kic/cmd/fleet/create.go:338.2,338.12 1 1
kic/cmd/fleet/create.go:343.2,343.26 1 0
kic/cmd/fleet/create.go:363.2,363.35 1 0
kic/cmd/fleet/create.go:367.2,367.18 1 0
kic/cmd/fleet/create.go:374.2,374.38 1 0
kic/cmd/fleet/create.go:379.2,386.35 5 0
kic/cmd/fleet/create.go:406.2,406.14 1 0
kic/cmd/fleet/create.go:411.2,413.12 2 0
kic/cmd/fleet/create.go:273.35,275.3 1 1
kic/cmd/fleet/create.go:277.19,279.22 1 0
kic/cmd/fleet/create.go:285.3,285.30 1 0
kic/cmd/fleet/create.go:290.3,290.30 1 0
kic/cmd/fleet/create.go:298.3,298.34 1 0
kic/cmd/fleet/create.go:303.3,305.52 2 0
kic/cmd/fleet/create.go:315.3,315.16 1 0
kic/cmd/fleet/create.go:328.3,328.54 1 0
kic/cmd/fleet/create.go:279.22,282.4 2 0
kic/cmd/fleet/create.go:285.30,287.4 1 0
kic/cmd/fleet/create.go:290.30,292.43 2 0
kic/cmd/fleet/create.go:292.43,294.5 1 0
kic/cmd/fleet/create.go:298.34,301.4 2 0
kic/cmd/fleet/create.go:305.52,312.4 6 0
kic/cmd/fleet/create.go:315.16,321.18 3 0
kic/cmd/fleet/create.go:321.18,324.5 1 0
kic/cmd/fleet/create.go:328.54,335.4 6 0
kic/cmd/fleet/create.go:338.12,340.3 1 1
kic/cmd/fleet/create.go:343.26,344.36 1 0
kic/cmd/fleet/create.go:349.3,349.24 1 0
kic/cmd/fleet/create.go:357.3,357.17 1 0
kic/cmd/fleet/create.go:344.36,347.4 2 0
kic/cmd/fleet/create.go:349.24,350.46 1 0
kic/cmd/fleet/create.go:350.46,353.5 2 0
kic/cmd/fleet/create.go:357.17,359.4 1 0
kic/cmd/fleet/create.go:363.35,365.3 1 0
kic/cmd/fleet/create.go:367.18,371.3 2 0
kic/cmd/fleet/create.go:374.38,377.3 2 0
kic/cmd/fleet/create.go:386.35,388.24 1 0
kic/cmd/fleet/create.go:388.24,391.4 2 0
kic/cmd/fleet/create.go:391.9,393.30 1 0
kic/cmd/fleet/create.go:399.4,401.33 3 0
kic/cmd/fleet/create.go:393.30,397.5 3 0
kic/cmd/fleet/create.go:406.14,409.3 2 0
kic/cmd/fleet/create.go:416.52,424.14 3 0
kic/cmd/fleet/create.go:430.2,430.15 1 0
kic/cmd/fleet/create.go:424.14,426.3 1 0
kic/cmd/fleet/create.go:426.8,428.3 1 0
kic/cmd/fleet/create.go:434.23,439.19 4 1
kic/cmd/fleet/create.go:443.2,444.72 2 1
kic/cmd/fleet/create.go:449.2,454.18 5 1
kic/cmd/fleet/create.go:462.2,467.19 5 1
kic/cmd/fleet/create.go:471.2,471.12 1 1
kic/cmd/fleet/create.go:439.19,441.3 1 0
kic/cmd/fleet/create.go:444.72,447.3 2 0
kic/cmd/fleet/create.go:454.18,458.3 3 1
kic/cmd/fleet/create.go:458.8,460.3 1 0
kic/cmd/fleet/create.go:467.19,469.3 1 0
kic/cmd/fleet/create.go:475.25,478.2 2 0
kic/cmd/fleet/create.go:481.36,485.2 3 0
kic/cmd/fleet/create.go:488.31,490.2 1 0
kic/cmd/fleet/create.go:493.26,495.19 1 0
kic/cmd/fleet/create.go:499.2,502.15 3 0
kic/cmd/fleet/create.go:506.2,509.16 3 0
kic/cmd/fleet/create.go:513.2,513.12 1 0
kic/cmd/fleet/create.go:495.19,497.3 1 0
kic/cmd/fleet/create.go:502.15,504.3 1 0
kic/cmd/fleet/create.go:509.16,511.3 1 0
kic/cmd/fleet/create.go:517.42,523.16 3 0
kic/cmd/fleet/create.go:529.2,530.15 2 0
kic/cmd/fleet/create.go:535.2,552.35 15 0
kic/cmd/fleet/create.go:566.2,568.63 2 0
kic/cmd/fleet/create.go:523.16,526.3 2 0
kic/cmd/fleet/create.go:530.15,532.3 1 0
kic/cmd/fleet/create.go:552.35,553.38 1 0
kic/cmd/fleet/create.go:553.38,555.23 2 0
kic/cmd/fleet/create.go:555.23,563.5 6 0
kic/cmd/fleet/create.go:572.38,581.29 7 0
kic/cmd/fleet/create.go:585.2,598.28 12 0
kic/cmd/fleet/create.go:605.2,624.11 14 0
kic/cmd/fleet/create.go:581.29,583.3 1 0
kic/cmd/fleet/create.go:598.28,601.3 2 0
kic/cmd/fleet/create.go:628.43,635.19 5 0
kic/cmd/fleet/create.go:647.2,649.16 2 0
kic/cmd/fleet/create.go:654.2,660.21 6 0
kic/cmd/fleet/create.go:635.19,638.20 2 0
kic/cmd/fleet/create.go:642.3,642.20 1 0
kic/cmd/fleet/create.go:638.20,640.4 1 0
kic/cmd/fleet/create.go:642.20,644.4 1 0
kic/cmd/fleet/create.go:649.16,651.3 1 0
kic/cmd/fleet/create.go:664.39,666.29 1 0
kic/cmd/fleet/create.go:671.2,674.74 2 0
kic/cmd/fleet/create.go:678.2,678.40 1 0
kic/cmd/fleet/create.go:666.29,668.3 1 0
kic/cmd/fleet/create.go:674.74,676.3 1 0
kic/cmd/fleet/create.go:682.58,686.60 2 0
kic/cmd/fleet/create.go:714.2,714.12 1 0
kic/cmd/fleet/create.go:686.60,688.47 1 0
kic/cmd/fleet/create.go:688.47,693.66 2 0
kic/cmd/fleet/create.go:698.4,700.48 2 0
kic/cmd/fleet/create.go:706.4,706.25 1 0
kic/cmd/fleet/create.go:710.4,710.30 1 0
kic/cmd/fleet/create.go:693.66,695.5 1 0
kic/cmd/fleet/create.go:700.48,701.63 1 0
kic/cmd/fleet/create.go:701.63,703.6 1 0
kic/cmd/fleet/create.go:706.25,708.5 1 0
kic/cmd/fleet/create.go:718.32,720.67 1 0
kic/cmd/fleet/create.go:741.2,741.12 1 0
kic/cmd/fleet/create.go:720.67,722.64 1 0
kic/cmd/fleet/create.go:727.3,727.70 1 0
kic/cmd/fleet/create.go:731.3,731.83 1 0
kic/cmd/fleet/create.go:736.3,736.64 1 0
kic/cmd/fleet/create.go:722.64,724.4 1 0
kic/cmd/fleet/create.go:727.70,729.4 1 0
kic/cmd/fleet/create.go:731.83,733.4 1 0
kic/cmd/fleet/create.go:736.64,738.4 1 0
kic/cmd/fleet/exec.go:23.13,25.2 1 1
kic/cmd/fleet/exec.go:28.61,32.22 2 1
kic/cmd/fleet/exec.go:37.2,39.42 2 1
kic/cmd/fleet/exec.go:32.22,34.3 1 0
kic/boa/boa.go:28.46,37.16 5 0
kic/boa/boa.go:37.16,38.27 1 0
kic/boa/boa.go:38.27,39.74 1 0
kic/boa/boa.go:39.74,41.5 1 0
kic/boa/boa.go:47.69,48.43 1 1
kic/boa/boa.go:55.2,55.12 1 0
kic/boa/boa.go:48.43,49.36 1 1
kic/boa/boa.go:49.36,50.20 1 1
kic/boa/boa.go:50.20,52.5 1 1
kic/boa/boa.go:60.34,70.15 4 0
kic/boa/boa.go:101.2,101.19 1 0
kic/boa/boa.go:70.15,72.43 1 0
kic/boa/boa.go:72.43,73.17 1 0
kic/boa/boa.go:76.4,76.20 1 0
kic/boa/boa.go:73.17,75.5 1 0
kic/boa/boa.go:78.8,82.17 2 0
kic/boa/boa.go:90.3,92.36 2 0
kic/boa/boa.go:98.3,98.18 1 0
kic/boa/boa.go:82.17,86.4 2 0
kic/boa/boa.go:92.36,94.17 1 0
kic/boa/boa.go:94.17,96.5 1 0
kic/boa/boa.go:105.38,109.36 2 0
kic/boa/boa.go:112.2,112.39 1 0
kic/boa/boa.go:115.2,115.42 1 0
kic/boa/boa.go:118.2,118.42 1 0
kic/boa/boa.go:121.2,121.42 1 0
kic/boa/boa.go:124.2,124.42 1 0
kic/boa/boa.go:128.2,128.11 1 0
kic/boa/boa.go:109.36,111.3 1 0
kic/boa/boa.go:112.39,114.3 1 0
kic/boa/boa.go:115.42,117.3 1 0
kic/boa/boa.go:118.42,120.3 1 0
kic/boa/boa.go:121.42,123.3 1 0
kic/boa/boa.go:124.42,126.3 1 0
kic/boa/boa.go:132.35,147.34 10 0
kic/boa/boa.go:201.2,201.19 1 0
kic/boa/boa.go:147.34,152.36 3 0
kic/boa/boa.go:152.36,157.16 3 0
kic/boa/boa.go:157.16,158.44 1 0
kic/boa/boa.go:173.5,179.19 7 0
kic/boa/boa.go:158.44,161.23 2 0
kic/boa/boa.go:161.23,163.31 2 0
kic/boa/boa.go:163.31,165.8 1 0
kic/boa/boa.go:167.11,170.6 1 0
kic/boa/boa.go:180.10,180.64 1 0
kic/boa/boa.go:180.64,182.5 1 0
kic/boa/boa.go:182.10,182.66 1 0
kic/boa/boa.go:182.66,184.5 1 0
kic/boa/boa.go:184.10,184.65 1 0
kic/boa/boa.go:184.65,186.5 1 0
kic/boa/boa.go:186.10,186.64 1 0
kic/boa/boa.go:186.64,188.5 1 0
kic/boa/boa.go:188.10,188.64 1 0
kic/boa/boa.go:188.64,190.5 1 0
kic/boa/boa.go:190.10,190.66 1 0
kic/boa/boa.go:190.66,192.5 1 0
kic/boa/boa.go:192.10,193.19 1 0
kic/boa/boa.go:193.19,195.6 1 0
kic/boa/boa.go:201.19,203.3 1 0
kic/boa/boa.go:207.172,209.46 1 0
kic/boa/boa.go:214.2,214.23 1 0
kic/boa/boa.go:223.2,225.12 3 0
kic/boa/boa.go:209.46,211.3 1 0
kic/boa/boa.go:214.23,216.3 1 0
kic/boa/boa.go:216.8,216.33 1 0
kic/boa/boa.go:216.33,218.3 1 0
kic/boa/boa.go:218.8,218.90 1 0
kic/boa/boa.go:218.90,220.3 1 0
kic/boa/boa.go:229.129,230.13 1 0
kic/boa/boa.go:240.2,240.18 1 0
kic/boa/boa.go:253.2,253.19 1 0
kic/boa/boa.go:280.2,280.12 1 0
kic/boa/boa.go:230.13,232.56 1 0
kic/boa/boa.go:232.56,234.4 1 0
kic/boa/boa.go:235.8,238.3 2 0
kic/boa/boa.go:240.18,242.46 1 0
kic/boa/boa.go:242.46,244.4 1 0
kic/boa/boa.go:244.9,246.21 2 0
kic/boa/boa.go:246.21,249.5 2 0
kic/boa/boa.go:253.19,255.43 1 0
kic/boa/boa.go:255.43,256.14 1 0
kic/boa/boa.go:256.14,258.5 1 0
kic/boa/boa.go:258.10,261.5 2 0
kic/boa/boa.go:262.9,264.4 1 0
kic/boa/boa.go:265.8,267.47 1 0
kic/boa/boa.go:267.47,268.14 1 0
kic/boa/boa.go:268.14,270.5 1 0
kic/boa/boa.go:270.10,273.5 2 0
kic/boa/boa.go:274.9,276.4 1 0
kic/boa/boa.go:284.137,285.40 1 0
kic/boa/boa.go:290.2,290.29 1 0
kic/boa/boa.go:297.2,297.13 1 0
kic/boa/boa.go:308.2,309.17 2 0
kic/boa/boa.go:314.2,314.40 1 0
kic/boa/boa.go:320.2,322.17 2 0
kic/boa/boa.go:336.2,339.17 3 0
kic/boa/boa.go:347.2,347.15 1 0
kic/boa/boa.go:285.40,288.3 2 0
kic/boa/boa.go:290.29,295.3 3 0
kic/boa/boa.go:297.13,299.56 1 0
kic/boa/boa.go:299.56,301.4 1 0
kic/boa/boa.go:302.8,305.3 2 0
kic/boa/boa.go:309.17,311.3 1 0
kic/boa/boa.go:314.40,317.3 2 0
kic/boa/boa.go:323.20,324.53 1 0
kic/boa/boa.go:325.20,326.48 1 0
kic/boa/boa.go:327.20,328.50 1 0
kic/boa/boa.go:329.17,331.15 2 0
kic/boa/boa.go:332.10,333.8 1 0
kic/boa/boa.go:339.17,341.41 2 0
kic/boa/boa.go:341.41,343.4 1 0
kic/boa/boa.go:351.75,353.55 1 0
kic/boa/boa.go:364.2,364.12 1 0
kic/boa/boa.go:353.55,358.17 3 0
kic/boa/boa.go:358.17,360.4 1 0
kic/boa/boa.go:368.57,370.31 1 0
kic/boa/boa.go:379.2,379.12 1 0
kic/boa/boa.go:370.31,371.17 1 0
kic/boa/boa.go:374.3,374.18 1 0
kic/boa/boa.go:371.17,373.4 1 0
kic/boa/boa.go:374.18,376.4 1 0
kic/boa/boa.go:383.72,385.17 1 0
kic/boa/boa.go:389.2,396.34 5 0
kic/boa/boa.go:411.2,411.11 1 0
kic/boa/boa.go:385.17,387.3 1 0
kic/boa/boa.go:396.34,399.35 2 0
kic/boa/boa.go:399.35,403.53 2 0
kic/boa/boa.go:403.53,407.5 2 0
kic/boa/boa.go:415.74,423.2 2 0
kic/boa/boa.go:426.96,432.48 1 0
kic/boa/boa.go:441.2,441.15 1 0
kic/boa/boa.go:432.48,433.21 1 0
kic/boa/boa.go:433.21,435.5 1 0
kic/boa/boa.go:435.10,437.5 1 0
kic/boa/boa.go:445.91,451.48 1 0
kic/boa/boa.go:460.2,460.15 1 0
kic/boa/boa.go:451.48,452.21 1 0
kic/boa/boa.go:452.21,454.5 1 0
kic/boa/boa.go:454.10,456.5 1 0
kic/boa/boa.go:464.96,472.48 2 0
kic/boa/boa.go:481.2,481.15 1 0
kic/boa/boa.go:472.48,473.21 1 0
kic/boa/boa.go:473.21,475.5 1 0
kic/boa/boa.go:475.10,477.5 1 0
kic/boa/boa.go:485.91,491.48 1 0
kic/boa/boa.go:500.2,500.15 1 0
kic/boa/boa.go:491.48,492.21 1 0
kic/boa/boa.go:492.21,494.5 1 0
kic/boa/boa.go:494.10,496.5 1 0
kic/boa/boa.go:504.37,510.16 3 0
kic/boa/boa.go:516.2,516.12 1 0
kic/boa/boa.go:510.16,514.3 2 0
kic/boa/boa.go:522.93,528.55 1 0
kic/boa/boa.go:552.2,554.15 2 0
kic/boa/boa.go:528.55,532.20 2 0
kic/boa/boa.go:536.4,539.21 2 0
kic/boa/boa.go:544.4,544.32 1 0
kic/boa/boa.go:548.4,548.37 1 0
kic/boa/boa.go:532.20,534.5 1 0
kic/boa/boa.go:539.21,541.5 1 0
kic/boa/boa.go:544.32,546.5 1 0
kic/boa/boa.go:558.50,561.16 2 0
kic/boa/boa.go:565.2,567.33 2 0
kic/boa/boa.go:576.2,576.36 1 0
kic/boa/boa.go:580.2,580.12 1 0
kic/boa/boa.go:561.16,563.3 1 0
kic/boa/boa.go:567.33,570.20 2 0
kic/boa/boa.go:570.20,572.4 1 0
kic/boa/boa.go:576.36,578.3 1 0
kic/boa/boa.go:584.70,589.35 3 0
kic/boa/boa.go:593.2,593.53 1 0
kic/boa/boa.go:599.2,599.12 1 0
kic/boa/boa.go:589.35,591.3 1 0
kic/boa/boa.go:593.53,595.3 1 0
kic/boa/boa.go:595.8,597.3 1 0
kic/boa/boa.go:603.94,604.18 1 0
kic/boa/boa.go:610.2,610.31 1 0
kic/boa/boa.go:615.2,617.12 2 0
kic/boa/boa.go:604.18,607.3 2 0
kic/boa/boa.go:610.31,612.3 1 0
kic/boa/boa.go:621.83,626.55 1 0
kic/boa/boa.go:637.2,637.15 1 0
kic/boa/boa.go:626.55,627.21 1 0
kic/boa/boa.go:633.4,633.30 1 0
kic/boa/boa.go:627.21,628.36 1 0
kic/boa/boa.go:628.36,630.6 1 0
kic/boa/boa.go:641.70,642.33 1 0
kic/boa/boa.go:642.33,643.46 1 0
kic/boa/boa.go:643.46,645.4 1 0
kic/boa/boaExecCmd.go:18.76,22.19 3 0
kic/boa/boaExecCmd.go:26.2,31.16 4 0
kic/boa/boaExecCmd.go:35.2,35.12 1 0
kic/boa/boaExecCmd.go:22.19,24.3 1 0
kic/boa/boaExecCmd.go:31.16,33.3 1 0
kic/boa/boaExecCmd.go:38.95,44.16 4 0
kic/boa/boaExecCmd.go:52.2,52.12 1 0
kic/boa/boaExecCmd.go:44.16,46.3 1 0
kic/boa/boaExecCmd.go:46.8,47.47 1 0
kic/boa/boaExecCmd.go:47.47,49.4 1 0
kic/boa/boaExecCmd.go:57.127,85.44 15 0
kic/boa/boaExecCmd.go:89.2,89.16 1 0
kic/boa/boaExecCmd.go:97.2,97.20 1 0
kic/boa/boaExecCmd.go:85.44,87.3 1 0
kic/boa/boaExecCmd.go:89.16,90.47 1 0
kic/boa/boaExecCmd.go:90.47,92.4 1 0
kic/boa/boaExecCmd.go:93.8,93.27 1 0
kic/boa/boaExecCmd.go:93.27,95.3 1 0
kic/boa/io.go:18.41,21.34 2 1
kic/boa/io.go:25.2,27.43 2 1
kic/boa/io.go:39.2,39.11 1 1
kic/boa/io.go:21.34,23.3 1 1
kic/boa/io.go:27.43,30.30 2 1
kic/boa/io.go:30.30,32.36 2 1
kic/boa/io.go:32.36,35.5 2 1
kic/boa/io.go:43.49,46.44 2 1
kic/boa/io.go:55.2,55.19 1 1
kic/boa/io.go:59.2,59.16 1 1
kic/boa/io.go:69.2,71.16 2 1
kic/boa/io.go:75.2,79.29 3 0
kic/boa/io.go:87.2,87.17 1 0
kic/boa/io.go:46.44,48.17 2 1
kic/boa/io.go:48.17,50.4 1 1
kic/boa/io.go:51.8,53.3 1 0
kic/boa/io.go:55.19,57.3 1 0
kic/boa/io.go:59.16,61.17 2 1
kic/boa/io.go:66.3,66.31 1 1
kic/boa/io.go:61.17,64.4 2 0
kic/boa/io.go:71.16,73.3 1 1
kic/boa/io.go:79.29,82.18 2 0
kic/boa/io.go:82.18,84.4 1 0
kic/boa/io.go:91.60,94.41 2 0
kic/boa/io.go:98.2,98.37 1 0
kic/boa/io.go:94.41,96.3 1 0
kic/boa/io.go:102.25,107.14 3 1
kic/boa/io.go:111.2,114.82 2 1
kic/boa/io.go:118.2,120.16 2 1
kic/boa/io.go:125.2,125.25 1 1
kic/boa/io.go:107.14,109.3 1 0
kic/boa/io.go:114.82,116.3 1 0
kic/boa/io.go:120.16,122.3 1 0
kic/boa/io.go:129.26,132.16 2 1
kic/boa/io.go:137.2,137.26 1 1
kic/boa/io.go:132.16,134.3 1 0
kic/boa/io.go:141.26,143.14 2 1
kic/boa/io.go:147.2,152.42 4 1
kic/boa/io.go:161.2,161.39 1 1
kic/boa/io.go:184.2,184.42 1 1
kic/boa/io.go:143.14,145.3 1 0
kic/boa/io.go:152.42,155.43 2 1
kic/boa/io.go:155.43,157.4 1 0
kic/boa/io.go:161.39,167.47 3 0
kic/boa/io.go:167.47,172.35 3 0
kic/boa/io.go:177.4,177.20 1 0
kic/boa/io.go:172.35,175.5 2 0
kic/boa/io.go:177.20,179.5 1 0
kic/boa/io.go:188.33,190.2 1 0
kic/boa/io.go:193.27,196.16 2 1
kic/boa/io.go:211.2,211.13 1 1
kic/boa/io.go:196.16,199.17 2 0
kic/boa/io.go:203.3,206.37 3 0
kic/boa/io.go:199.17,201.4 1 0
kic/boa/io.go:206.37,208.4 1 0
kic/boa/io.go:216.49,219.2 2 1
kic/boa/io.go:222.39,225.16 2 1
kic/boa/io.go:229.2,229.24 1 1
kic/boa/io.go:225.16,227.3 1 0
kic/boa/io.go:233.46,235.2 1 1
kic/boa/io.go:238.58,240.18 1 1
kic/boa/io.go:250.2,250.12 1 1
kic/boa/io.go:240.18,243.31 2 1
kic/boa/io.go:243.31,244.44 1 1
kic/boa/io.go:244.44,246.5 1 1
kic/boa/shell.go:14.54,16.27 2 1
kic/boa/shell.go:19.2,19.28 1 1
kic/boa/shell.go:16.27,18.3 1 0
kic/boa/shell.go:23.64,30.16 4 1
kic/boa/shell.go:34.2,36.26 2 1
kic/boa/shell.go:30.16,32.3 1 0
kic/boa/shell.go:40.35,48.2 5 1
kic/cmd/kubekic/build.go:21.13,24.2 2 1
kic/cmd/kubekic/build.go:26.34,61.2 1 1
kic/cmd/kubekic/build.go:63.34,91.2 1 1
kic/cmd/kubekic/check.go:21.13,28.2 6 1
kic/cmd/kubekic/check.go:30.33,51.2 1 1
kic/cmd/kubekic/check.go:53.39,55.2 1 1
kic/cmd/kubekic/check.go:57.34,59.2 1 1
kic/cmd/kubekic/check.go:61.34,64.2 1 1
kic/cmd/kubekic/check.go:66.37,69.2 1 1
kic/cmd/kubekic/check.go:71.40,74.2 1 1
kic/cmd/kubekic/cluster.go:21.13,28.2 3 1
kic/cmd/kubekic/cluster.go:30.38,49.2 1 1
kic/cmd/kubekic/cluster.go:51.38,54.2 1 1
kic/cmd/kubekic/cluster.go:56.39,65.2 1 1
kic/cmd/kubekic/cluster.go:67.37,76.2 1 0
kic/cmd/kubekic/cluster.go:78.38,107.2 1 0
kic/cmd/kubekic/cluster.go:109.39,118.2 1 0
kic/cmd/kubekic/kic.go:22.13,34.2 7 1
kic/cmd/kubekic/kic.go:36.29,51.2 1 1
kic/cmd/kubekic/kic.go:53.28,68.2 1 1
kic/cmd/kubekic/kic.go:70.31,73.2 1 1
kic/cmd/kubekic/kic.go:75.28,78.2 1 0
kic/cmd/kivm/kivm.go:20.57,34.2 11 1
kic/cmd/kivm/kivm.go:36.30,51.2 1 1
kic/cmd/kivm/kivm.go:53.33,55.2 1 1
kic/cmd/kivm/kivm.go:57.29,60.2 1 1
kic/cmd/kivm/kivm.go:62.32,64.2 1 1
kic/cmd/kivm/kivm.go:66.30,68.2 1 1
kic/cmd/kivm/kivm.go:70.29,85.2 1 1
kic/cmd/kivm/kivm.go:87.30,89.2 1 1
kic/cmd/kivm/check.go:21.13,27.2 5 1
kic/cmd/kivm/check.go:29.35,31.2 1 1
kic/cmd/kivm/check.go:33.35,35.2 1 1
kic/cmd/kivm/check.go:37.36,39.2 1 1
kic/cmd/kivm/check.go:41.40,43.2 1 1
kic/cmd/kivm/check.go:45.35,47.2 1 1
kic/cmd/kivm/check.go:49.33,53.35 3 1
kic/cmd/kivm/check.go:57.2,59.15 2 1
kic/cmd/kivm/check.go:65.2,65.12 1 1
kic/cmd/kivm/check.go:53.35,55.3 1 0
kic/cmd/kivm/check.go:59.15,61.3 1 0
kic/cmd/kivm/check.go:61.8,63.3 1 1
kic/cmd/kivm/cluster.go:19.13,23.2 3 1
kic/cmd/kivm/cluster.go:25.39,28.2 1 1
kic/cmd/kivm/cluster.go:30.40,39.2 1 1
kic/cmd/kivm/cluster.go:41.38,64.2 1 1
kic/cmd/kic/build.go:19.13,22.2 2 1
kic/cmd/kic/build.go:24.34,59.2 1 1
kic/cmd/kic/build.go:61.34,89.2 1 1
kic/cmd/kic/check.go:19.13,26.2 6 1
kic/cmd/kic/check.go:28.33,49.2 1 1
kic/cmd/kic/check.go:51.39,53.2 1 1
kic/cmd/kic/check.go:55.34,57.2 1 1
kic/cmd/kic/check.go:59.34,62.2 1 1
kic/cmd/kic/check.go:64.37,67.2 1 1
kic/cmd/kic/check.go:69.40,72.2 1 1
kic/cmd/kic/cluster.go:19.13,26.2 6 1
kic/cmd/kic/cluster.go:28.38,47.2 1 1
kic/cmd/kic/cluster.go:49.38,52.2 1 1
kic/cmd/kic/cluster.go:54.39,63.2 1 1
kic/cmd/kic/cluster.go:65.37,74.2 1 1
kic/cmd/kic/cluster.go:76.38,105.2 1 1
kic/cmd/kic/cluster.go:107.39,116.2 1 1
kic/cmd/kic/kic.go:21.57,35.2 10 1
kic/cmd/kic/kic.go:37.28,40.2 1 1
kic/cmd/kic/kic.go:42.31,45.2 1 1
kic/cmd/kic/kic.go:47.29,62.2 1 1
kic/cmd/kic/kic.go:64.28,79.2 1 1
kic/cmd/targets/targets-add.go:24.62,25.20 1 1
kic/cmd/targets/targets-add.go:29.2,31.19 2 1
kic/cmd/targets/targets-add.go:59.2,59.12 1 1
kic/cmd/targets/targets-add.go:25.20,27.3 1 0
kic/cmd/targets/targets-add.go:31.19,38.15 4 1
kic/cmd/targets/targets-add.go:48.3,48.13 1 1
kic/cmd/targets/targets-add.go:52.3,56.18 3 1
kic/cmd/targets/targets-add.go:38.15,39.40 1 1
kic/cmd/targets/targets-add.go:39.40,42.21 2 1
kic/cmd/targets/targets-add.go:42.21,44.6 1 0
kic/cmd/targets/targets-add.go:48.13,50.4 1 1
kic/cmd/targets/targets-clear.go:22.64,25.19 2 1
kic/cmd/targets/targets-clear.go:37.2,37.46 1 0
kic/cmd/targets/targets-clear.go:25.19,35.3 5 1
kic/cmd/targets/targets-deploy.go:25.65,31.51 3 0
kic/cmd/targets/targets-deploy.go:37.2,39.16 2 0
kic/cmd/targets/targets-deploy.go:43.2,43.15 1 0
kic/cmd/targets/targets-deploy.go:52.2,52.51 1 0
kic/cmd/targets/targets-deploy.go:57.2,59.12 2 0
kic/cmd/targets/targets-deploy.go:31.51,34.3 2 0
kic/cmd/targets/targets-deploy.go:39.16,41.3 1 0
kic/cmd/targets/targets-deploy.go:43.15,46.48 2 0
kic/cmd/targets/targets-deploy.go:46.48,49.4 2 0
kic/cmd/targets/targets-deploy.go:52.51,55.3 2 0
kic/cmd/targets/targets-list.go:22.63,25.19 2 1
kic/cmd/targets/targets-list.go:25.19,26.31 1 1
kic/cmd/targets/targets-list.go:32.3,32.13 1 1
kic/cmd/targets/targets-list.go:26.31,28.4 1 0
kic/cmd/targets/targets-list.go:28.9,31.4 2 1
kic/cmd/targets/targets-list.go:33.8,35.3 1 0
kic/cmd/targets/targets-remove.go:22.65,23.20 1 1
kic/cmd/targets/targets-remove.go:27.2,29.19 2 1
kic/cmd/targets/targets-remove.go:54.2,54.12 1 1
kic/cmd/targets/targets-remove.go:23.20,25.3 1 0
kic/cmd/targets/targets-remove.go:29.19,31.3 1 0
kic/cmd/targets/targets-remove.go:31.8,34.15 2 1
kic/cmd/targets/targets-remove.go:39.3,41.39 2 1
kic/cmd/targets/targets-remove.go:47.3,51.18 3 1
kic/cmd/targets/targets-remove.go:34.15,37.4 2 0
kic/cmd/targets/targets-remove.go:41.39,42.20 1 1
kic/cmd/targets/targets-remove.go:42.20,44.5 1 1
kic/cmd/targets/targets.go:28.13,34.2 5 1
kic/cmd/targets/targets.go:37.59,39.2 1 1
kic/cmd/targets/targets.go:42.33,50.57 2 1
kic/cmd/targets/targets.go:61.2,61.12 1 1
kic/cmd/targets/targets.go:50.57,54.58 2 1
kic/cmd/targets/targets.go:54.58,58.4 2 1
kic/cmd/targets/targets.go:65.54,67.45 1 1
kic/cmd/targets/targets.go:72.2,76.16 3 1
kic/cmd/targets/targets.go:81.2,87.16 4 1
kic/cmd/targets/targets.go:93.2,93.15 1 1
kic/cmd/targets/targets.go:67.45,69.3 1 0
kic/cmd/targets/targets.go:76.16,79.3 2 0
kic/cmd/targets/targets.go:87.16,91.3 3 0
kic/cmd/targets/targets.go:97.58,99.45 1 1
kic/cmd/targets/targets.go:103.2,103.68 1 1
kic/cmd/targets/targets.go:99.45,101.3 1 0
kic/cmd/targets/targets.go:103.68,105.3 1 0
kic/cmd/targets/targets.go:105.8,107.3 1 1
kic/cmd/test/test-integration.go:32.13,36.2 3 1
kic/cmd/test/test-integration.go:39.67,42.15 2 0
kic/cmd/test/test-integration.go:47.2,49.19 2 0
kic/cmd/test/test-integration.go:53.2,53.19 1 0
kic/cmd/test/test-integration.go:57.2,57.27 1 0
kic/cmd/test/test-integration.go:66.2,66.27 1 0
kic/cmd/test/test-integration.go:71.2,73.16 2 0
kic/cmd/test/test-integration.go:78.2,80.32 2 0
kic/cmd/test/test-integration.go:86.2,88.19 2 0
kic/cmd/test/test-integration.go:93.2,93.29 1 0
kic/cmd/test/test-integration.go:42.15,44.3 1 0
kic/cmd/test/test-integration.go:49.19,51.3 1 0
kic/cmd/test/test-integration.go:53.19,55.3 1 0
kic/cmd/test/test-integration.go:57.27,58.33 1 0
kic/cmd/test/test-integration.go:58.33,60.4 1 0
kic/cmd/test/test-integration.go:60.9,62.4 1 0
kic/cmd/test/test-integration.go:66.27,68.3 1 0
kic/cmd/test/test-integration.go:73.16,75.3 1 0
kic/cmd/test/test-integration.go:80.32,82.3 1 0
kic/cmd/test/test-integration.go:82.8,84.3 1 0
kic/cmd/test/test-integration.go:88.19,90.3 1 0
kic/cmd/test/test-load.go:33.13,38.2 4 1
kic/cmd/test/test-load.go:41.60,44.15 2 1
kic/cmd/test/test-load.go:49.2,54.20 3 1
kic/cmd/test/test-load.go:58.2,58.18 1 1
kic/cmd/test/test-load.go:62.2,62.12 1 1
kic/cmd/test/test-load.go:67.2,67.20 1 1
kic/cmd/test/test-load.go:72.2,74.16 2 1
kic/cmd/test/test-load.go:79.2,81.32 2 1
kic/cmd/test/test-load.go:87.2,89.19 2 1
kic/cmd/test/test-load.go:94.2,94.29 1 1
kic/cmd/test/test-load.go:44.15,46.3 1 0
kic/cmd/test/test-load.go:54.20,56.3 1 1
kic/cmd/test/test-load.go:58.18,60.3 1 1
kic/cmd/test/test-load.go:62.12,64.3 1 1
kic/cmd/test/test-load.go:67.20,69.3 1 1
kic/cmd/test/test-load.go:74.16,76.3 1 1
kic/cmd/test/test-load.go:81.32,83.3 1 0
kic/cmd/test/test-load.go:83.8,85.3 1 1
kic/cmd/test/test-load.go:89.19,91.3 1 0
kic/cmd/test/test.go:30.13,43.2 9 1
kic/cmd/test/test.go:46.33,49.13 2 1
kic/cmd/test/test.go:52.2,52.15 1 1
kic/cmd/test/test.go:55.2,55.12 1 1
kic/cmd/test/test.go:58.2,58.18 1 1
kic/cmd/test/test.go:61.2,61.16 1 1
kic/cmd/test/test.go:64.2,64.15 1 1
kic/cmd/test/test.go:67.2,67.21 1 1
kic/cmd/test/test.go:71.2,71.12 1 1
kic/cmd/test/test.go:49.13,51.3 1 1
kic/cmd/test/test.go:52.15,54.3 1 1
kic/cmd/test/test.go:55.12,57.3 1 1
kic/cmd/test/test.go:58.18,60.3 1 1
kic/cmd/test/test.go:61.16,63.3 1 1
kic/cmd/test/test.go:64.15,66.3 1 1
kic/cmd/test/test.go:67.21,69.3 1 1
